# JRE version: Java(TM) SE Runtime Environment (8.0_181-b13) (build 1.8.0_181-b13)
# Java VM: Java HotSpot(TM) 64-Bit Server VM (25.181-b13 mixed mode windows-amd64 compressed oops)
Heap:
 PSYoungGen      total 201216K, used 153063K [0x000000076b200000, 0x000000077a080000, 0x00000007c0000000)
  eden space 186880K, 81% used [0x000000076b200000,0x0000000774779ff0,0x0000000776880000)
  from space 14336K, 0% used [0x0000000777680000,0x0000000777680000,0x0000000778480000)
  to   space 14336K, 0% used [0x0000000776880000,0x0000000776880000,0x0000000777680000)
 ParOldGen       total 120832K, used 15635K [0x00000006c1600000, 0x00000006c8c00000, 0x000000076b200000)
  object space 120832K, 12% used [0x00000006c1600000,0x00000006c2544c78,0x00000006c8c00000)
 Metaspace       used 46481K, capacity 48220K, committed 48384K, reserved 1091584K
  class space    used 6041K, capacity 6398K, committed 6400K, reserved 1048576K
GC Heap History (10 events):
Event: 1.054 GC heap before
{Heap before GC invocations=4 (full 1):
 PSYoungGen      total 76288K, used 5907K [0x000000076b200000, 0x0000000774700000, 0x00000007c0000000)
  eden space 65536K, 0% used [0x000000076b200000,0x000000076b200000,0x000000076f200000)
  from space 10752K, 54% used [0x000000076f200000,0x000000076f7c4d30,0x000000076fc80000)
  to   space 10752K, 0% used [0x0000000773c80000,0x0000000773c80000,0x0000000774700000)
 ParOldGen       total 175104K, used 32K [0x00000006c1600000, 0x00000006cc100000, 0x000000076b200000)
  object space 175104K, 0% used [0x00000006c1600000,0x00000006c1608000,0x00000006cc100000)
 Metaspace       used 20720K, capacity 21268K, committed 21296K, reserved 1067008K
  class space    used 2765K, capacity 2922K, committed 2944K, reserved 1048576K
Event: 1.071 GC heap after
Heap after GC invocations=4 (full 1):
 PSYoungGen      total 76288K, used 0K [0x000000076b200000, 0x0000000774700000, 0x00000007c0000000)
  eden space 65536K, 0% used [0x000000076b200000,0x000000076b200000,0x000000076f200000)
  from space 10752K, 0% used [0x000000076f200000,0x000000076f200000,0x000000076fc80000)
  to   space 10752K, 0% used [0x0000000773c80000,0x0000000773c80000,0x0000000774700000)
 ParOldGen       total 88064K, used 5659K [0x00000006c1600000, 0x00000006c6c00000, 0x000000076b200000)
  object space 88064K, 6% used [0x00000006c1600000,0x00000006c1b86cc0,0x00000006c6c00000)
 Metaspace       used 20719K, capacity 21262K, committed 21296K, reserved 1067008K
  class space    used 2765K, capacity 2921K, committed 2944K, reserved 1048576K
}
Event: 1.305 GC heap before
{Heap before GC invocations=5 (full 1):
 PSYoungGen      total 76288K, used 65536K [0x000000076b200000, 0x0000000774700000, 0x00000007c0000000)
  eden space 65536K, 100% used [0x000000076b200000,0x000000076f200000,0x000000076f200000)
  from space 10752K, 0% used [0x000000076f200000,0x000000076f200000,0x000000076fc80000)
  to   space 10752K, 0% used [0x0000000773c80000,0x0000000773c80000,0x0000000774700000)
 ParOldGen       total 88064K, used 5659K [0x00000006c1600000, 0x00000006c6c00000, 0x000000076b200000)
  object space 88064K, 6% used [0x00000006c1600000,0x00000006c1b86cc0,0x00000006c6c00000)
 Metaspace       used 23826K, capacity 24622K, committed 24960K, reserved 1071104K
  class space    used 3155K, capacity 3347K, committed 3456K, reserved 1048576K
Event: 1.308 GC heap after
Heap after GC invocations=5 (full 1):
 PSYoungGen      total 118784K, used 5858K [0x000000076b200000, 0x0000000774280000, 0x00000007c0000000)
  eden space 112640K, 0% used [0x000000076b200000,0x000000076b200000,0x0000000772000000)
  from space 6144K, 95% used [0x0000000773c80000,0x0000000774238a68,0x0000000774280000)
  to   space 10752K, 0% used [0x0000000772d80000,0x0000000772d80000,0x0000000773800000)
 ParOldGen       total 88064K, used 5731K [0x00000006c1600000, 0x00000006c6c00000, 0x000000076b200000)
  object space 88064K, 6% used [0x00000006c1600000,0x00000006c1b98cd0,0x00000006c6c00000)
 Metaspace       used 23826K, capacity 24622K, committed 24960K, reserved 1071104K
  class space    used 3155K, capacity 3347K, committed 3456K, reserved 1048576K
}
Event: 3.209 GC heap before
{Heap before GC invocations=6 (full 1):
 PSYoungGen      total 118784K, used 118498K [0x000000076b200000, 0x0000000774280000, 0x00000007c0000000)
  eden space 112640K, 100% used [0x000000076b200000,0x0000000772000000,0x0000000772000000)
  from space 6144K, 95% used [0x0000000773c80000,0x0000000774238a68,0x0000000774280000)
  to   space 10752K, 0% used [0x0000000772d80000,0x0000000772d80000,0x0000000773800000)
 ParOldGen       total 88064K, used 5731K [0x00000006c1600000, 0x00000006c6c00000, 0x000000076b200000)
  object space 88064K, 6% used [0x00000006c1600000,0x00000006c1b98cd0,0x00000006c6c00000)
 Metaspace       used 30881K, capacity 31994K, committed 32128K, reserved 1077248K
  class space    used 4098K, capacity 4367K, committed 4480K, reserved 1048576K
Event: 3.215 GC heap after
Heap after GC invocations=6 (full 1):
 PSYoungGen      total 137216K, used 10733K [0x000000076b200000, 0x0000000778480000, 0x00000007c0000000)
  eden space 126464K, 0% used [0x000000076b200000,0x000000076b200000,0x0000000772d80000)
  from space 10752K, 99% used [0x0000000772d80000,0x00000007737fb4e0,0x0000000773800000)
  to   space 14336K, 0% used [0x0000000777680000,0x0000000777680000,0x0000000778480000)
 ParOldGen       total 88064K, used 7365K [0x00000006c1600000, 0x00000006c6c00000, 0x000000076b200000)
  object space 88064K, 8% used [0x00000006c1600000,0x00000006c1d31768,0x00000006c6c00000)
 Metaspace       used 30881K, capacity 31994K, committed 32128K, reserved 1077248K
  class space    used 4098K, capacity 4367K, committed 4480K, reserved 1048576K
}
Event: 3.292 GC heap before
{Heap before GC invocations=7 (full 1):
 PSYoungGen      total 137216K, used 49659K [0x000000076b200000, 0x0000000778480000, 0x00000007c0000000)
  eden space 126464K, 30% used [0x000000076b200000,0x000000076d803938,0x0000000772d80000)
  from space 10752K, 99% used [0x0000000772d80000,0x00000007737fb4e0,0x0000000773800000)
  to   space 14336K, 0% used [0x0000000777680000,0x0000000777680000,0x0000000778480000)
 ParOldGen       total 88064K, used 7365K [0x00000006c1600000, 0x00000006c6c00000, 0x000000076b200000)
  object space 88064K, 8% used [0x00000006c1600000,0x00000006c1d31768,0x00000006c6c00000)
 Metaspace       used 33971K, capacity 35350K, committed 35496K, reserved 1079296K
  class space    used 4480K, capacity 4751K, committed 4864K, reserved 1048576K
Event: 3.297 GC heap after
Heap after GC invocations=7 (full 1):
 PSYoungGen      total 201216K, used 10815K [0x000000076b200000, 0x000000077a080000, 0x00000007c0000000)
  eden space 186880K, 0% used [0x000000076b200000,0x000000076b200000,0x0000000776880000)
  from space 14336K, 75% used [0x0000000777680000,0x000000077810ffd8,0x0000000778480000)
  to   space 14336K, 0% used [0x0000000776880000,0x0000000776880000,0x0000000777680000)
 ParOldGen       total 88064K, used 7373K [0x00000006c1600000, 0x00000006c6c00000, 0x000000076b200000)
  object space 88064K, 8% used [0x00000006c1600000,0x00000006c1d33768,0x00000006c6c00000)
 Metaspace       used 33971K, capacity 35350K, committed 35496K, reserved 1079296K
  class space    used 4480K, capacity 4751K, committed 4864K, reserved 1048576K
}
Event: 3.297 GC heap before
{Heap before GC invocations=8 (full 2):
 PSYoungGen      total 201216K, used 10815K [0x000000076b200000, 0x000000077a080000, 0x00000007c0000000)
  eden space 186880K, 0% used [0x000000076b200000,0x000000076b200000,0x0000000776880000)
  from space 14336K, 75% used [0x0000000777680000,0x000000077810ffd8,0x0000000778480000)
  to   space 14336K, 0% used [0x0000000776880000,0x0000000776880000,0x0000000777680000)
 ParOldGen       total 88064K, used 7373K [0x00000006c1600000, 0x00000006c6c00000, 0x000000076b200000)
  object space 88064K, 8% used [0x00000006c1600000,0x00000006c1d33768,0x00000006c6c00000)
 Metaspace       used 33971K, capacity 35350K, committed 35496K, reserved 1079296K
  class space    used 4480K, capacity 4751K, committed 4864K, reserved 1048576K
Event: 3.320 GC heap after
Heap after GC invocations=8 (full 2):
 PSYoungGen      total 201216K, used 0K [0x000000076b200000, 0x000000077a080000, 0x00000007c0000000)
  eden space 186880K, 0% used [0x000000076b200000,0x000000076b200000,0x0000000776880000)
  from space 14336K, 0% used [0x0000000777680000,0x0000000777680000,0x0000000778480000)
  to   space 14336K, 0% used [0x0000000776880000,0x0000000776880000,0x0000000777680000)
 ParOldGen       total 120832K, used 15635K [0x00000006c1600000, 0x00000006c8c00000, 0x000000076b200000)
  object space 120832K, 12% used [0x00000006c1600000,0x00000006c2544c78,0x00000006c8c00000)
 Metaspace       used 33971K, capacity 35350K, committed 35496K, reserved 1079296K
  class space    used 4480K, capacity 4751K, committed 4864K, reserved 1048576K
}

